[info] Log at : 2026/2/16|16:12:20|GMT+0800

[info] Log at : 2026/2/16|16:12:36|GMT+0800

[info] Log at : 2026/2/16|18:55:54|GMT+0800

[info] Log at : 2026/2/16|20:41:20|GMT+0800

[info] Log at : 2026/2/16|20:41:29|GMT+0800

[info] Log at : 2026/2/16|21:33:51|GMT+0800

[info] Log at : 2026/2/17|13:06:22|GMT+0800

[info] Log at : 2026/2/17|17:09:16|GMT+0800

[info] Log at : 2026/2/17|17:09:23|GMT+0800

[info] Log at : 2026/2/18|13:58:27|GMT+0800

[info] Log at : 2026/2/18|13:58:35|GMT+0800

[info] Log at : 2026/2/18|19:01:20|GMT+0800

[info] Log at : 2026/2/19|13:31:09|GMT+0800

[info] Log at : 2026/2/19|22:15:49|GMT+0800

[info] Log at : 2026/2/19|22:15:53|GMT+0800

[info] Log at : 2026/2/20|15:55:43|GMT+0800

[info] Log at : 2026/2/22|15:02:42|GMT+0800

[info] Log at : 2026/2/22|15:02:54|GMT+0800

[info] Log at : 2026/2/22|16:57:36|GMT+0800

[info] Log at : 2026/2/22|16:57:45|GMT+0800

[info] Log at : 2026/2/22|17:01:43|GMT+0800

[info] Log at : 2026/2/22|17:02:46|GMT+0800

[info] Log at : 2026/2/22|17:04:03|GMT+0800

[info] Log at : 2026/2/22|17:06:11|GMT+0800

[info] Log at : 2026/2/22|17:09:02|GMT+0800

[info] Log at : 2026/2/22|17:13:06|GMT+0800

[info] Log at : 2026/2/22|18:18:40|GMT+0800

[info] Log at : 2026/2/22|18:40:31|GMT+0800

[info] Log at : 2026/2/22|18:48:43|GMT+0800

SyntaxError: Unexpected end of JSON input
    at JSON.parse (<anonymous>)
    at F.updateCppProperties (c:\Users\Zed\.cursor\extensions\cl.keil-assistant-1.7.0\dist\extension.js:1:10849)
    at F.<anonymous> (c:\Users\Zed\.cursor\extensions\cl.keil-assistant-1.7.0\dist\extension.js:1:12579)
    at Generator.next (<anonymous>)
    at c:\Users\Zed\.cursor\extensions\cl.keil-assistant-1.7.0\dist\extension.js:1:4480
    at new Promise (<anonymous>)
    at r (c:\Users\Zed\.cursor\extensions\cl.keil-assistant-1.7.0\dist\extension.js:1:4225)
    at F.load (c:\Users\Zed\.cursor\extensions\cl.keil-assistant-1.7.0\dist\extension.js:1:11310)
    at w.<anonymous> (c:\Users\Zed\.cursor\extensions\cl.keil-assistant-1.7.0\dist\extension.js:1:8737)
    at Generator.next (<anonymous>)
    at a (c:\Users\Zed\.cursor\extensions\cl.keil-assistant-1.7.0\dist\extension.js:1:4282)
    at processTicksAndRejections (node:internal/process/task_queues:105:5)
[info] Log at : 2026/2/23|11:22:18|GMT+0800

[info] Log at : 2026/2/23|11:22:31|GMT+0800

[info] Log at : 2026/3/9|20:00:30|GMT+0800

[info] Log at : 2026/3/9|20:13:41|GMT+0800

[info] Log at : 2026/3/9|20:13:51|GMT+0800

[info] Log at : 2026/3/13|13:42:24|GMT+0800

[info] Log at : 2026/3/13|13:42:39|GMT+0800

[info] Log at : 2026/3/13|13:42:44|GMT+0800

[info] Log at : 2026/3/13|13:47:58|GMT+0800

[info] Log at : 2026/3/13|13:49:36|GMT+0800

[info] Log at : 2026/3/13|13:54:06|GMT+0800

[info] Log at : 2026/3/13|14:09:18|GMT+0800

[info] Log at : 2026/3/13|14:14:05|GMT+0800

[info] Log at : 2026/3/13|14:14:12|GMT+0800

[info] Log at : 2026/3/13|14:15:16|GMT+0800

[info] Log at : 2026/3/13|14:17:27|GMT+0800

[info] Log at : 2026/3/13|14:23:43|GMT+0800

[info] Log at : 2026/3/13|14:23:48|GMT+0800

[info] Log at : 2026/3/13|14:27:54|GMT+0800

[info] Log at : 2026/3/13|14:31:25|GMT+0800

[info] Log at : 2026/3/13|14:32:23|GMT+0800

[info] Log at : 2026/3/13|14:36:50|GMT+0800

[info] Log at : 2026/3/13|14:38:29|GMT+0800

[info] Log at : 2026/3/13|14:43:47|GMT+0800

[info] Log at : 2026/3/13|14:44:23|GMT+0800

[info] Log at : 2026/3/13|14:59:50|GMT+0800

[info] Log at : 2026/3/13|15:02:42|GMT+0800

[info] Log at : 2026/3/13|15:08:37|GMT+0800

[info] Log at : 2026/3/13|15:20:52|GMT+0800

[info] Log at : 2026/3/13|15:20:57|GMT+0800

[info] Log at : 2026/3/13|15:34:49|GMT+0800

[info] Log at : 2026/3/13|15:36:27|GMT+0800

[info] Log at : 2026/3/13|15:37:48|GMT+0800

[info] Log at : 2026/3/13|15:38:55|GMT+0800

[info] Log at : 2026/3/13|15:41:41|GMT+0800

[info] Log at : 2026/3/13|15:43:38|GMT+0800

[info] Log at : 2026/3/13|15:43:44|GMT+0800

[info] Log at : 2026/3/13|15:45:40|GMT+0800

[info] Log at : 2026/3/13|15:56:23|GMT+0800

[info] Log at : 2026/3/13|16:13:11|GMT+0800

[info] Log at : 2026/3/13|16:23:55|GMT+0800

[info] Log at : 2026/3/13|16:25:05|GMT+0800

