*** Using Compiler 'V5.06 update 5 (build 528)', folder: 'D:\Project SWs\Keil5\ARM\ARMCC\Bin'
Build target 'P01_flight_hal'
assembling startup_stm32f103xb.s...
compiling heap_4.c...
compiling port.c...
compiling stm32f1xx_hal.c...
compiling stm32f1xx_hal_cortex.c...
compiling stm32f1xx_hal_gpio.c...
compiling stm32f1xx_hal_exti.c...
compiling stm32f1xx_hal_flash.c...
compiling stm32f1xx_hal_pwr.c...
compiling stm32f1xx_hal_gpio_ex.c...
compiling stm32f1xx_hal_flash_ex.c...
compiling stm32f1xx_hal_rcc.c...
compiling stm32f1xx_hal_rcc_ex.c...
compiling stm32f1xx_hal_uart.c...
compiling stm32f1xx_hal_spi.c...
compiling stm32f1xx_hal_dma.c...
compiling list.c...
compiling event_groups.c...
compiling stm32f1xx_hal_tim_ex.c...
compiling croutine.c...
compiling Com_config.c...
compiling stream_buffer.c...
compiling queue.c...
compiling timers.c...
compiling tasks.c...
compiling A.c...
compiling Com_debug.c...
compiling stm32f1xx_hal_tim.c...
compiling system_stm32f1xx.c...
compiling stm32f1xx_hal_msp.c...
compiling spi.c...
compiling gpio.c...
compiling tim.c...
compiling usart.c...
compiling main.c...
compiling Int_led.c...
compiling Int_motor.c...
compiling Int_SI24R1.c...
compiling stm32f1xx_it.c...
../Core/Src/stm32f1xx_it.c(165): warning:  #223-D: function "xPortSysTickHandler" declared implicitly
      xPortSysTickHandler();
../Core/Src/stm32f1xx_it.c: 1 warning, 0 errors
compiling APP_FreeRTOS.c...
linking...
Program Size: Code=13740 RO-data=312 RW-data=208 ZI-data=19080  
FromELF: creating hex file...
"P01_flight_hal\P01_flight_hal.axf" - 0 Error(s), 1 Warning(s).
Build Time Elapsed:  00:00:13
